<?xml version="1.0" encoding="UTF-8"?>
<!-- Generated by org.testng.reporters.JUnitReportReporter -->
<testsuite hostname="LAPTOP-49NTEVJU" failures="0" tests="1" name="com.mandane.testcript.CampModule" time="0.034" errors="0" timestamp="2025-03-09T14:10:18 IST" skipped="0">
  <testcase classname="com.mandane.testcript.CampModule" name="home" time="0.034"/>
  <system-out>
    <![CDATA[Hi Keerthana]]>
  </system-out>
</testsuite> <!-- com.mandane.testcript.CampModule -->
